105
136
16
178
85
62
58
100
131
46
21
117
135
86
118
198
95
70
190
2
37
111
139
27
104
33
110
94
128
195
127
98
176
158
90
108
77
192
74
60
120
54
52
164
36
6
59
165
188
80
122
115
8
64
12
130
7
42
187
102
162
145
82
18
193
35
179
171
73
15
189
113
121
200
53
124
31
45
78
67
61
66
183
97
107
197
87
9
14
69
29
169
71
123
79
125
101
170
116
99
39
152
51
129
199
163
23
84
168
49
57
161
153
147
56
43
160
103
19
149
157
175
4
140
173
65
20
96
148
40
91
133
34
38
194
41
181
191
30
10
112
177
93
119
55
151
48
172
134
137
155
76
68
88
89
156
159
186
184
109
1
5
166
50
150
75
174
22
47
11
72
138
143
142
154
3
114
83
185
63
141
196
24
81
32
13
132
26
167
25
44
180
182
144
146
92
28
106
17
126
